<?xml version="1.0" encoding="UTF-8"?><testrun name="TestRunner" project="VTigerProject" tests="3" started="3" failures="1" errors="1" ignored="0">
  <testsuite name="runners.TestRunner" time="13.227">
    <testsuite name="Account creation" time="9.816">
      <testcase name="Clicking on save without filling mandatory field details" classname="Account creation" time="9.816">
        <failure>
          <expected>Missing required fields:
Account Name</expected>
          <actual>Account Name cannot be empty</actual>
          junit.framework.ComparisonFailure: expected:&lt;[Missing required fields:
Account Name]&gt; but was:&lt;[Account Name cannot be empty]&gt;&#13;
	at junit.framework.Assert.assertEquals(Assert.java:100)&#13;
	at junit.framework.Assert.assertEquals(Assert.java:107)&#13;
	at stepdefinitions.AccountsSteps.popup_should_appear(AccountsSteps.java:40)&#13;
	at ✽.popup should appear(file:///C:/Users/user/NewEclipse/VTigerProject/src/test/resources/features/Accounts.feature:12)&#13;
&#13;

        </failure>
      </testcase>
    </testsuite>
    <testsuite name="User Login" time="3.409">
      <testcase name="Login with valid username and password" classname="User Login" time="1.391">
        <error>org.openqa.selenium.NoSuchElementException: no such element: Unable to locate element: {"method":"xpath","selector":"//*[text()='Logout']"}
  (Session info: chrome=141.0.7390.55)
For documentation on this error, please visit: https://www.selenium.dev/documentation/webdriver/troubleshooting/errors#no-such-element-exception
Build info: version: '4.19.1', revision: 'abe0ee07dc'
System info: os.name: 'Windows 11', os.arch: 'amd64', os.version: '10.0', java.version: '17.0.5'
Driver info: org.openqa.selenium.chrome.ChromeDriver
Command: [a455616e6cc0a9defc9eb29d5068635a, findElement {using=xpath, value=//*[text()='Logout']}]
Capabilities {acceptInsecureCerts: false, browserName: chrome, browserVersion: 141.0.7390.55, chrome: {chromedriverVersion: 141.0.7390.76 (d6fcfbb51aac..., userDataDir: C:\Users\user\AppData\Local...}, fedcm:accounts: true, goog:chromeOptions: {debuggerAddress: localhost:51691}, networkConnectionEnabled: false, pageLoadStrategy: normal, platformName: windows, proxy: Proxy(), se:cdp: ws://localhost:51691/devtoo..., se:cdpVersion: 141.0.7390.55, setWindowRect: true, strictFileInteractability: false, timeouts: {implicit: 0, pageLoad: 300000, script: 30000}, unhandledPromptBehavior: dismiss and notify, webauthn:extension:credBlob: true, webauthn:extension:largeBlob: true, webauthn:extension:minPinLength: true, webauthn:extension:prf: true, webauthn:virtualAuthenticators: true}
Session ID: a455616e6cc0a9defc9eb29d5068635a&#13;
	at java.base/jdk.internal.reflect.NativeConstructorAccessorImpl.newInstance0(Native Method)&#13;
	at java.base/jdk.internal.reflect.NativeConstructorAccessorImpl.newInstance(NativeConstructorAccessorImpl.java:77)&#13;
	at java.base/jdk.internal.reflect.DelegatingConstructorAccessorImpl.newInstance(DelegatingConstructorAccessorImpl.java:45)&#13;
	at java.base/java.lang.reflect.Constructor.newInstanceWithCaller(Constructor.java:499)&#13;
	at java.base/java.lang.reflect.Constructor.newInstance(Constructor.java:480)&#13;
	at org.openqa.selenium.remote.ErrorCodec.decode(ErrorCodec.java:167)&#13;
	at org.openqa.selenium.remote.codec.w3c.W3CHttpResponseCodec.decode(W3CHttpResponseCodec.java:138)&#13;
	at org.openqa.selenium.remote.codec.w3c.W3CHttpResponseCodec.decode(W3CHttpResponseCodec.java:50)&#13;
	at org.openqa.selenium.remote.HttpCommandExecutor.execute(HttpCommandExecutor.java:190)&#13;
	at org.openqa.selenium.remote.service.DriverCommandExecutor.invokeExecute(DriverCommandExecutor.java:216)&#13;
	at org.openqa.selenium.remote.service.DriverCommandExecutor.execute(DriverCommandExecutor.java:174)&#13;
	at org.openqa.selenium.remote.RemoteWebDriver.execute(RemoteWebDriver.java:518)&#13;
	at org.openqa.selenium.remote.ElementLocation$ElementFinder$2.findElement(ElementLocation.java:165)&#13;
	at org.openqa.selenium.remote.ElementLocation.findElement(ElementLocation.java:59)&#13;
	at org.openqa.selenium.remote.RemoteWebDriver.findElement(RemoteWebDriver.java:355)&#13;
	at org.openqa.selenium.remote.RemoteWebDriver.findElement(RemoteWebDriver.java:349)&#13;
	at pages.HomePage.isLogoutDisplayed(HomePage.java:18)&#13;
	at stepdefinitions.LoginSteps.user_should_be_on_homepage(LoginSteps.java:43)&#13;
	at ✽.user should be on homepage(file:///C:/Users/user/NewEclipse/VTigerProject/src/test/resources/features/Login.feature:7)&#13;
&#13;
</error>
      </testcase>
      <testcase name="Login with invalid username and invalid password" classname="User Login" time="2.018"/>
    </testsuite>
  </testsuite>
</testrun>
