<?xml version="1.0" encoding="UTF-8"?>
<testsuite name="Cucumber" time="15.248" tests="5" skipped="0" failures="2" errors="0">
<testcase classname="Account creation" name="Clicking on save without filling mandatory field details" time="7.231">
<failure type="junit.framework.ComparisonFailure" message="expected:&lt;[Missing required fields:
Account Name]&gt; but was:&lt;[Account Name cannot be empty]&gt;">
<![CDATA[junit.framework.ComparisonFailure: expected:<[Missing required fields:
Account Name]> but was:<[Account Name cannot be empty]>
	at junit.framework.Assert.assertEquals(Assert.java:100)
	at junit.framework.Assert.assertEquals(Assert.java:107)
	at stepdefinitions.AccountsSteps.popup_should_appear(AccountsSteps.java:40)
	at ✽.popup should appear(file:///C:/Users/user/NewEclipse/VTigerProject/src/test/resources/features/Accounts.feature:12)
]]>
</failure>
<system-out><![CDATA[
Given the user is on login page.............................................passed
When user user enters username "admin" and password "admin".................passed
And clicks on Login button..................................................passed
Given the user is on Accounts page..........................................passed
When user user enters clicks on save........................................passed
Then popup should appear....................................................failed
]]></system-out>
</testcase>
<testcase classname="User Login" name="Login with valid username and password" time="2.571">
<system-out><![CDATA[
Given the user is on login page.............................................passed
When user user enters username "admin" and password "admin".................passed
And clicks on Login button..................................................passed
Then user should be on homepage.............................................passed
]]></system-out>
</testcase>
<testcase classname="User Login" name="Login with invalid username and invalid password - Example #1.1" time="1.625">
<failure type="org.openqa.selenium.NoSuchElementException" message="no such element: Unable to locate element: {&quot;method&quot;:&quot;xpath&quot;,&quot;selector&quot;:&quot;//*[contains(text(),' a valid username and password. ')]&quot;}
  (Session info: chrome=141.0.7390.55)
For documentation on this error, please visit: https://www.selenium.dev/documentation/webdriver/troubleshooting/errors#no-such-element-exception
Build info: version: '4.19.1', revision: 'abe0ee07dc'
System info: os.name: 'Windows 11', os.arch: 'amd64', os.version: '10.0', java.version: '17.0.5'
Driver info: org.openqa.selenium.chrome.ChromeDriver
Command: [b6cadd99f48f873c468d7c4973806672, findElement {using=xpath, value=//*[contains(text(),' a valid username and password. ')]}]
Capabilities {acceptInsecureCerts: false, browserName: chrome, browserVersion: 141.0.7390.55, chrome: {chromedriverVersion: 141.0.7390.76 (d6fcfbb51aac..., userDataDir: C:\Users\user\AppData\Local...}, fedcm:accounts: true, goog:chromeOptions: {debuggerAddress: localhost:58279}, networkConnectionEnabled: false, pageLoadStrategy: normal, platformName: windows, proxy: Proxy(), se:cdp: ws://localhost:58279/devtoo..., se:cdpVersion: 141.0.7390.55, setWindowRect: true, strictFileInteractability: false, timeouts: {implicit: 0, pageLoad: 300000, script: 30000}, unhandledPromptBehavior: dismiss and notify, webauthn:extension:credBlob: true, webauthn:extension:largeBlob: true, webauthn:extension:minPinLength: true, webauthn:extension:prf: true, webauthn:virtualAuthenticators: true}
Session ID: b6cadd99f48f873c468d7c4973806672">
<![CDATA[org.openqa.selenium.NoSuchElementException: no such element: Unable to locate element: {"method":"xpath","selector":"//*[contains(text(),' a valid username and password. ')]"}
  (Session info: chrome=141.0.7390.55)
For documentation on this error, please visit: https://www.selenium.dev/documentation/webdriver/troubleshooting/errors#no-such-element-exception
Build info: version: '4.19.1', revision: 'abe0ee07dc'
System info: os.name: 'Windows 11', os.arch: 'amd64', os.version: '10.0', java.version: '17.0.5'
Driver info: org.openqa.selenium.chrome.ChromeDriver
Command: [b6cadd99f48f873c468d7c4973806672, findElement {using=xpath, value=//*[contains(text(),' a valid username and password. ')]}]
Capabilities {acceptInsecureCerts: false, browserName: chrome, browserVersion: 141.0.7390.55, chrome: {chromedriverVersion: 141.0.7390.76 (d6fcfbb51aac..., userDataDir: C:\Users\user\AppData\Local...}, fedcm:accounts: true, goog:chromeOptions: {debuggerAddress: localhost:58279}, networkConnectionEnabled: false, pageLoadStrategy: normal, platformName: windows, proxy: Proxy(), se:cdp: ws://localhost:58279/devtoo..., se:cdpVersion: 141.0.7390.55, setWindowRect: true, strictFileInteractability: false, timeouts: {implicit: 0, pageLoad: 300000, script: 30000}, unhandledPromptBehavior: dismiss and notify, webauthn:extension:credBlob: true, webauthn:extension:largeBlob: true, webauthn:extension:minPinLength: true, webauthn:extension:prf: true, webauthn:virtualAuthenticators: true}
Session ID: b6cadd99f48f873c468d7c4973806672
	at java.base/jdk.internal.reflect.NativeConstructorAccessorImpl.newInstance0(Native Method)
	at java.base/jdk.internal.reflect.NativeConstructorAccessorImpl.newInstance(NativeConstructorAccessorImpl.java:77)
	at java.base/jdk.internal.reflect.DelegatingConstructorAccessorImpl.newInstance(DelegatingConstructorAccessorImpl.java:45)
	at java.base/java.lang.reflect.Constructor.newInstanceWithCaller(Constructor.java:499)
	at java.base/java.lang.reflect.Constructor.newInstance(Constructor.java:480)
	at org.openqa.selenium.remote.ErrorCodec.decode(ErrorCodec.java:167)
	at org.openqa.selenium.remote.codec.w3c.W3CHttpResponseCodec.decode(W3CHttpResponseCodec.java:138)
	at org.openqa.selenium.remote.codec.w3c.W3CHttpResponseCodec.decode(W3CHttpResponseCodec.java:50)
	at org.openqa.selenium.remote.HttpCommandExecutor.execute(HttpCommandExecutor.java:190)
	at org.openqa.selenium.remote.service.DriverCommandExecutor.invokeExecute(DriverCommandExecutor.java:216)
	at org.openqa.selenium.remote.service.DriverCommandExecutor.execute(DriverCommandExecutor.java:174)
	at org.openqa.selenium.remote.RemoteWebDriver.execute(RemoteWebDriver.java:518)
	at org.openqa.selenium.remote.ElementLocation$ElementFinder$2.findElement(ElementLocation.java:165)
	at org.openqa.selenium.remote.ElementLocation.findElement(ElementLocation.java:59)
	at org.openqa.selenium.remote.RemoteWebDriver.findElement(RemoteWebDriver.java:355)
	at org.openqa.selenium.remote.RemoteWebDriver.findElement(RemoteWebDriver.java:349)
	at pages.LoginPage.isErrorMessageDisplayed(LoginPage.java:32)
	at stepdefinitions.LoginSteps.user_should_be_see_error_message(LoginSteps.java:54)
	at ✽.user should be see error message(file:///C:/Users/user/NewEclipse/VTigerProject/src/test/resources/features/Login.feature:15)
]]>
</failure>
<system-out><![CDATA[
Given the user is on login page.............................................passed
When user user enters username "admin1" and password "admin1"...............passed
And clicks on Login button..................................................passed
Then user should be see error message.......................................failed
]]></system-out>
</testcase>
<testcase classname="User Login" name="Login with invalid username and invalid password - Example #1.2" time="2.031">
<system-out><![CDATA[
Given the user is on login page.............................................passed
When user user enters username "admin2" and password "admin2"...............passed
And clicks on Login button..................................................passed
Then user should be see error message.......................................passed
]]></system-out>
</testcase>
<testcase classname="User Login" name="Login with invalid username and invalid password - Example #1.3" time="1.627">
<system-out><![CDATA[
Given the user is on login page.............................................passed
When user user enters username "admin3" and password "admin3"...............passed
And clicks on Login button..................................................passed
Then user should be see error message.......................................passed
]]></system-out>
</testcase>
</testsuite>
